# JRE version: Java(TM) SE Runtime Environment (17.0.10+11) (build 17.0.10+11-LTS-240)
# Java VM: Java HotSpot(TM) 64-Bit Server VM (17.0.10+11-LTS-240, mixed mode, sharing, tiered, compressed oops, compressed class ptrs, g1 gc, windows-amd64)
GC Precious Log:
 CPUs: 8 total, 8 available
 Memory: 15631M
 Large Page Support: Disabled
 NUMA Support: Disabled
 Compressed Oops: Enabled (32-bit)
 Heap Region Size: 1M
 Heap Min Capacity: 8M
 Heap Initial Capacity: 246M
 Heap Max Capacity: 2G
 Pre-touch: Disabled
 Parallel Workers: 8
 Concurrent Workers: 2
 Concurrent Refinement Workers: 8
 Periodic GC: Disabled
Heap:
 garbage-first heap   total 130048K, used 105584K [0x0000000080000000, 0x0000000100000000)
  region size 1024K, 34 young (34816K), 3 survivors (3072K)
 Metaspace       used 78468K, committed 79488K, reserved 557056K
  class space    used 11089K, committed 11584K, reserved 425984K
GC Heap History (20 events):
Event: 24.048 GC heap before
{Heap before GC invocations=36 (full 0):
 garbage-first heap   total 106496K, used 64420K [0x0000000080000000, 0x0000000100000000)
  region size 1024K, 5 young (5120K), 2 survivors (2048K)
 Metaspace       used 65874K, committed 66688K, reserved 491520K
  class space    used 9308K, committed 9728K, reserved 425984K
}
Event: 24.051 GC heap after
{Heap after GC invocations=37 (full 0):
 garbage-first heap   total 106496K, used 61354K [0x0000000080000000, 0x0000000100000000)
  region size 1024K, 1 young (1024K), 1 survivors (1024K)
 Metaspace       used 65874K, committed 66688K, reserved 491520K
  class space    used 9308K, committed 9728K, reserved 425984K
}
Event: 25.042 GC heap before
{Heap before GC invocations=37 (full 0):
 garbage-first heap   total 106496K, used 85930K [0x0000000080000000, 0x0000000100000000)
  region size 1024K, 25 young (25600K), 1 survivors (1024K)
 Metaspace       used 66903K, committed 67712K, reserved 491520K
  class space    used 9448K, committed 9856K, reserved 425984K
}
Event: 25.046 GC heap after
{Heap after GC invocations=38 (full 0):
 garbage-first heap   total 106496K, used 64158K [0x0000000080000000, 0x0000000100000000)
  region size 1024K, 4 young (4096K), 4 survivors (4096K)
 Metaspace       used 66903K, committed 67712K, reserved 491520K
  class space    used 9448K, committed 9856K, reserved 425984K
}
Event: 25.627 GC heap before
{Heap before GC invocations=39 (full 0):
 garbage-first heap   total 111616K, used 85662K [0x0000000080000000, 0x0000000100000000)
  region size 1024K, 25 young (25600K), 4 survivors (4096K)
 Metaspace       used 68310K, committed 69120K, reserved 491520K
  class space    used 9661K, committed 10048K, reserved 425984K
}
Event: 25.632 GC heap after
{Heap after GC invocations=40 (full 0):
 garbage-first heap   total 111616K, used 65777K [0x0000000080000000, 0x0000000100000000)
  region size 1024K, 2 young (2048K), 2 survivors (2048K)
 Metaspace       used 68310K, committed 69120K, reserved 491520K
  class space    used 9661K, committed 10048K, reserved 425984K
}
Event: 25.726 GC heap before
{Heap before GC invocations=40 (full 0):
 garbage-first heap   total 111616K, used 68849K [0x0000000080000000, 0x0000000100000000)
  region size 1024K, 5 young (5120K), 2 survivors (2048K)
 Metaspace       used 68462K, committed 69312K, reserved 491520K
  class space    used 9685K, committed 10112K, reserved 425984K
}
Event: 25.729 GC heap after
{Heap after GC invocations=41 (full 0):
 garbage-first heap   total 111616K, used 64980K [0x0000000080000000, 0x0000000100000000)
  region size 1024K, 1 young (1024K), 1 survivors (1024K)
 Metaspace       used 68462K, committed 69312K, reserved 491520K
  class space    used 9685K, committed 10112K, reserved 425984K
}
Event: 26.639 GC heap before
{Heap before GC invocations=41 (full 0):
 garbage-first heap   total 111616K, used 90580K [0x0000000080000000, 0x0000000100000000)
  region size 1024K, 26 young (26624K), 1 survivors (1024K)
 Metaspace       used 70769K, committed 71616K, reserved 491520K
  class space    used 10054K, committed 10432K, reserved 425984K
}
Event: 26.644 GC heap after
{Heap after GC invocations=42 (full 0):
 garbage-first heap   total 111616K, used 67055K [0x0000000080000000, 0x0000000100000000)
  region size 1024K, 3 young (3072K), 3 survivors (3072K)
 Metaspace       used 70769K, committed 71616K, reserved 491520K
  class space    used 10054K, committed 10432K, reserved 425984K
}
Event: 27.613 GC heap before
{Heap before GC invocations=42 (full 0):
 garbage-first heap   total 111616K, used 91631K [0x0000000080000000, 0x0000000100000000)
  region size 1024K, 27 young (27648K), 3 survivors (3072K)
 Metaspace       used 72530K, committed 73408K, reserved 491520K
  class space    used 10340K, committed 10752K, reserved 425984K
}
Event: 27.617 GC heap after
{Heap after GC invocations=43 (full 0):
 garbage-first heap   total 111616K, used 70501K [0x0000000080000000, 0x0000000100000000)
  region size 1024K, 4 young (4096K), 4 survivors (4096K)
 Metaspace       used 72530K, committed 73408K, reserved 491520K
  class space    used 10340K, committed 10752K, reserved 425984K
}
Event: 28.258 GC heap before
{Heap before GC invocations=43 (full 0):
 garbage-first heap   total 111616K, used 90981K [0x0000000080000000, 0x0000000100000000)
  region size 1024K, 25 young (25600K), 4 survivors (4096K)
 Metaspace       used 74396K, committed 75200K, reserved 491520K
  class space    used 10549K, committed 10944K, reserved 425984K
}
Event: 28.263 GC heap after
{Heap after GC invocations=44 (full 0):
 garbage-first heap   total 111616K, used 72967K [0x0000000080000000, 0x0000000100000000)
  region size 1024K, 3 young (3072K), 3 survivors (3072K)
 Metaspace       used 74396K, committed 75200K, reserved 491520K
  class space    used 10549K, committed 10944K, reserved 425984K
}
Event: 37.517 GC heap before
{Heap before GC invocations=45 (full 0):
 garbage-first heap   total 130048K, used 90375K [0x0000000080000000, 0x0000000100000000)
  region size 1024K, 21 young (21504K), 3 survivors (3072K)
 Metaspace       used 76321K, committed 77120K, reserved 557056K
  class space    used 10881K, committed 11264K, reserved 425984K
}
Event: 37.520 GC heap after
{Heap after GC invocations=46 (full 0):
 garbage-first heap   total 130048K, used 73730K [0x0000000080000000, 0x0000000100000000)
  region size 1024K, 2 young (2048K), 2 survivors (2048K)
 Metaspace       used 76321K, committed 77120K, reserved 557056K
  class space    used 10881K, committed 11264K, reserved 425984K
}
Event: 65.155 GC heap before
{Heap before GC invocations=46 (full 0):
 garbage-first heap   total 130048K, used 77826K [0x0000000080000000, 0x0000000100000000)
  region size 1024K, 6 young (6144K), 2 survivors (2048K)
 Metaspace       used 76548K, committed 77504K, reserved 557056K
  class space    used 10909K, committed 11328K, reserved 425984K
}
Event: 65.158 GC heap after
{Heap after GC invocations=47 (full 0):
 garbage-first heap   total 130048K, used 72977K [0x0000000080000000, 0x0000000100000000)
  region size 1024K, 1 young (1024K), 1 survivors (1024K)
 Metaspace       used 76548K, committed 77504K, reserved 557056K
  class space    used 10909K, committed 11328K, reserved 425984K
}
Event: 65.775 GC heap before
{Heap before GC invocations=47 (full 0):
 garbage-first heap   total 130048K, used 107793K [0x0000000080000000, 0x0000000100000000)
  region size 1024K, 35 young (35840K), 1 survivors (1024K)
 Metaspace       used 76768K, committed 77696K, reserved 557056K
  class space    used 10914K, committed 11392K, reserved 425984K
}
Event: 65.779 GC heap after
{Heap after GC invocations=48 (full 0):
 garbage-first heap   total 130048K, used 74864K [0x0000000080000000, 0x0000000100000000)
  region size 1024K, 3 young (3072K), 3 survivors (3072K)
 Metaspace       used 76768K, committed 77696K, reserved 557056K
  class space    used 10914K, committed 11392K, reserved 425984K
}

